<?xml version="1.0" encoding="UTF-8"?>
<!-- Generated by org.testng.reporters.JUnitReportReporter -->
<testsuite hostname="DESKTOP-DNHTQ0U" failures="0" tests="1" name="BasicOperation.NewTest" time="24.836" errors="0" timestamp="2025-08-17T21:48:23 IST" skipped="0">
  <testcase classname="BasicOperation.NewTest" name="f" time="24.836"/>
  <system-out/>
</testsuite> <!-- BasicOperation.NewTest -->
